<?xml version="1.0" encoding="UTF-8" standalone="yes"?><!DOCTYPE report PUBLIC "-//JACOCO//DTD Report 1.1//EN" "report.dtd"><report name="MavenProjectJ4"><sessioninfo id="myarchpc-b65f411e" start="1760433556243" dump="1760433556540"/><sessioninfo id="myarchpc-b65f411e" start="1760433556541" dump="1760433557121"/><sessioninfo id="myarchpc-bb94122e" start="1760433557193" dump="1760433557475"/><sessioninfo id="myarchpc-bb94122e" start="1760433557476" dump="1760433558079"/><sessioninfo id="myarchpc-e4ec7733" start="1760433558134" dump="1760433558399"/><sessioninfo id="myarchpc-e4ec7733" start="1760433558400" dump="1760433559005"/><sessioninfo id="myarchpc-12963daf" start="1760433559071" dump="1760433559341"/><sessioninfo id="myarchpc-12963daf" start="1760433559342" dump="1760433559993"/><sessioninfo id="myarchpc-db9a29cb" start="1760433560054" dump="1760433560344"/><sessioninfo id="myarchpc-db9a29cb" start="1760433560345" dump="1760433560959"/><sessioninfo id="myarchpc-d081fc11" start="1760433561014" dump="1760433561282"/><sessioninfo id="myarchpc-d081fc11" start="1760433561282" dump="1760433561900"/><sessioninfo id="myarchpc-bcce8160" start="1760433561966" dump="1760433562242"/><sessioninfo id="myarchpc-bcce8160" start="1760433562243" dump="1760433562852"/><sessioninfo id="myarchpc-56349063" start="1760433562917" dump="1760433563191"/><sessioninfo id="myarchpc-56349063" start="1760433563191" dump="1760433563816"/><sessioninfo id="myarchpc-3c89d394" start="1760433563893" dump="1760433564164"/><sessioninfo id="myarchpc-3c89d394" start="1760433564165" dump="1760433564787"/><sessioninfo id="myarchpc-f97ce777" start="1760433564853" dump="1760433565127"/><sessioninfo id="myarchpc-f97ce777" start="1760433565128" dump="1760433565751"/><sessioninfo id="myarchpc-3c4a6392" start="1760433565818" dump="1760433566085"/><sessioninfo id="myarchpc-3c4a6392" start="1760433566086" dump="1760433566700"/><sessioninfo id="myarchpc-5ba57e3d" start="1760433566756" dump="1760433567034"/><sessioninfo id="myarchpc-5ba57e3d" start="1760433567034" dump="1760433567655"/><sessioninfo id="myarchpc-2bddb078" start="1760433567721" dump="1760433567991"/><sessioninfo id="myarchpc-2bddb078" start="1760433567992" dump="1760433568608"/><sessioninfo id="myarchpc-296ede5b" start="1760433568664" dump="1760433568930"/><sessioninfo id="myarchpc-296ede5b" start="1760433568931" dump="1760433569554"/><sessioninfo id="myarchpc-ca5a2744" start="1760433569609" dump="1760433569877"/><sessioninfo id="myarchpc-ca5a2744" start="1760433569878" dump="1760433570519"/><sessioninfo id="myarchpc-3d2cad1f" start="1760433570576" dump="1760433570849"/><sessioninfo id="myarchpc-3d2cad1f" start="1760433570850" dump="1760433571483"/><sessioninfo id="myarchpc-7411ed93" start="1760433571539" dump="1760433571809"/><sessioninfo id="myarchpc-7411ed93" start="1760433571810" dump="1760433572433"/><sessioninfo id="myarchpc-c017d978" start="1760433572490" dump="1760433572765"/><sessioninfo id="myarchpc-c017d978" start="1760433572765" dump="1760433573384"/><sessioninfo id="myarchpc-77a4bcf5" start="1760433573451" dump="1760433573730"/><sessioninfo id="myarchpc-77a4bcf5" start="1760433573731" dump="1760433574359"/><sessioninfo id="myarchpc-636c4803" start="1760433574415" dump="1760433574682"/><sessioninfo id="myarchpc-636c4803" start="1760433574682" dump="1760433575318"/><sessioninfo id="myarchpc-da149c9d" start="1760433575395" dump="1760433575660"/><sessioninfo id="myarchpc-da149c9d" start="1760433575661" dump="1760433576300"/><sessioninfo id="myarchpc-4af703c7" start="1760433576366" dump="1760433576638"/><sessioninfo id="myarchpc-4af703c7" start="1760433576639" dump="1760433577267"/><sessioninfo id="myarchpc-80681c57" start="1760433577335" dump="1760433577602"/><sessioninfo id="myarchpc-80681c57" start="1760433577602" dump="1760433578267"/><sessioninfo id="myarchpc-aa582ca6" start="1760433578325" dump="1760433578595"/><sessioninfo id="myarchpc-aa582ca6" start="1760433578596" dump="1760433579217"/><sessioninfo id="myarchpc-bc1bf51a" start="1760433579283" dump="1760433579552"/><sessioninfo id="myarchpc-bc1bf51a" start="1760433579553" dump="1760433580183"/><sessioninfo id="myarchpc-bbbb4bc0" start="1760433580260" dump="1760433580529"/><sessioninfo id="myarchpc-bbbb4bc0" start="1760433580530" dump="1760433581171"/><sessioninfo id="myarchpc-f186ca96" start="1760433581227" dump="1760433581496"/><sessioninfo id="myarchpc-f186ca96" start="1760433581497" dump="1760433582177"/><sessioninfo id="myarchpc-ef21cf8a" start="1760433582233" dump="1760433582499"/><sessioninfo id="myarchpc-ef21cf8a" start="1760433582500" dump="1760433583132"/><sessioninfo id="myarchpc-5c9e1938" start="1760433583199" dump="1760433583470"/><sessioninfo id="myarchpc-5c9e1938" start="1760433583470" dump="1760433584115"/><sessioninfo id="myarchpc-728d8fb0" start="1760433584172" dump="1760433584438"/><sessioninfo id="myarchpc-728d8fb0" start="1760433584439" dump="1760433585080"/><sessioninfo id="myarchpc-4b6c8321" start="1760433585148" dump="1760433585428"/><sessioninfo id="myarchpc-4b6c8321" start="1760433585429" dump="1760433586106"/><sessioninfo id="myarchpc-40f7b79f" start="1760433586173" dump="1760433586447"/><sessioninfo id="myarchpc-40f7b79f" start="1760433586448" dump="1760433587066"/><sessioninfo id="myarchpc-6fd952eb" start="1760433587136" dump="1760433587410"/><sessioninfo id="myarchpc-6fd952eb" start="1760433587411" dump="1760433588044"/><sessioninfo id="myarchpc-84e0f7ca" start="1760433588111" dump="1760433588384"/><sessioninfo id="myarchpc-84e0f7ca" start="1760433588385" dump="1760433589020"/><sessioninfo id="myarchpc-dcf709e5" start="1760433589088" dump="1760433589354"/><sessioninfo id="myarchpc-dcf709e5" start="1760433589355" dump="1760433589995"/><sessioninfo id="myarchpc-f68cca9e" start="1760433590054" dump="1760433590317"/><sessioninfo id="myarchpc-f68cca9e" start="1760433590318" dump="1760433590942"/><sessioninfo id="myarchpc-e4fd221c" start="1760433591000" dump="1760433591269"/><sessioninfo id="myarchpc-e4fd221c" start="1760433591270" dump="1760433591897"/><sessioninfo id="myarchpc-4858844c" start="1760433591954" dump="1760433592226"/><sessioninfo id="myarchpc-4858844c" start="1760433592226" dump="1760433592867"/><sessioninfo id="myarchpc-b03daab2" start="1760433592934" dump="1760433593201"/><sessioninfo id="myarchpc-b03daab2" start="1760433593202" dump="1760433593839"/><sessioninfo id="myarchpc-4e1bf2e5" start="1760433593906" dump="1760433594180"/><sessioninfo id="myarchpc-4e1bf2e5" start="1760433594180" dump="1760433594811"/><sessioninfo id="myarchpc-ae9d1b25" start="1760433594878" dump="1760433595145"/><sessioninfo id="myarchpc-ae9d1b25" start="1760433595146" dump="1760433595773"/><sessioninfo id="myarchpc-ad9f2e45" start="1760433595860" dump="1760433596144"/><sessioninfo id="myarchpc-ad9f2e45" start="1760433596145" dump="1760433596769"/><sessioninfo id="myarchpc-4213c2f3" start="1760433596825" dump="1760433597099"/><sessioninfo id="myarchpc-4213c2f3" start="1760433597100" dump="1760433597739"/><sessioninfo id="myarchpc-cc506b53" start="1760433597826" dump="1760433598094"/><sessioninfo id="myarchpc-cc506b53" start="1760433598094" dump="1760433598733"/><sessioninfo id="myarchpc-61633222" start="1760433598810" dump="1760433599373"/><sessioninfo id="myarchpc-61633222" start="1760433599375" dump="1760433600266"/><sessioninfo id="myarchpc-bc34aa4e" start="1760433600325" dump="1760433600889"/><sessioninfo id="myarchpc-bc34aa4e" start="1760433600891" dump="1760433601774"/><sessioninfo id="myarchpc-77da48be" start="1760433601841" dump="1760433602403"/><sessioninfo id="myarchpc-77da48be" start="1760433602405" dump="1760433603285"/><sessioninfo id="myarchpc-dc292690" start="1760433603341" dump="1760433603906"/><sessioninfo id="myarchpc-dc292690" start="1760433603909" dump="1760433604792"/><sessioninfo id="myarchpc-fe4ad2c" start="1760433604849" dump="1760433605405"/><sessioninfo id="myarchpc-fe4ad2c" start="1760433605408" dump="1760433606290"/><sessioninfo id="myarchpc-487e8b8c" start="1760433606346" dump="1760433606922"/><sessioninfo id="myarchpc-487e8b8c" start="1760433606924" dump="1760433607803"/><sessioninfo id="myarchpc-ecf4df71" start="1760433607861" dump="1760433608425"/><sessioninfo id="myarchpc-ecf4df71" start="1760433608428" dump="1760433609296"/><sessioninfo id="myarchpc-83749a9" start="1760433609353" dump="1760433609917"/><sessioninfo id="myarchpc-83749a9" start="1760433609919" dump="1760433610825"/><sessioninfo id="myarchpc-1cbb1dff" start="1760433555888" dump="1760433610858"/><package name="org/example/banca"><class name="org/example/banca/ContoBancario" sourcefilename="ContoBancario.java"><method name="&lt;init&gt;" desc="(Ljava/lang/String;I)V" line="4"><counter type="INSTRUCTION" missed="0" covered="9"/><counter type="LINE" missed="0" covered="4"/><counter type="COMPLEXITY" missed="0" covered="1"/><counter type="METHOD" missed="0" covered="1"/></method><method name="getId" desc="()Ljava/lang/String;" line="10"><counter type="INSTRUCTION" missed="0" covered="3"/><counter type="LINE" missed="0" covered="1"/><counter type="COMPLEXITY" missed="0" covered="1"/><counter type="METHOD" missed="0" covered="1"/></method><method name="getSaldo" desc="()I" line="14"><counter type="INSTRUCTION" missed="0" covered="3"/><counter type="LINE" missed="0" covered="1"/><counter type="COMPLEXITY" missed="0" covered="1"/><counter type="METHOD" missed="0" covered="1"/></method><method name="setId" desc="(Ljava/lang/String;)V" line="18"><counter type="INSTRUCTION" missed="0" covered="4"/><counter type="LINE" missed="0" covered="2"/><counter type="COMPLEXITY" missed="0" covered="1"/><counter type="METHOD" missed="0" covered="1"/></method><method name="setSaldo" desc="(I)V" line="22"><counter type="INSTRUCTION" missed="0" covered="4"/><counter type="LINE" missed="0" covered="2"/><counter type="COMPLEXITY" missed="0" covered="1"/><counter type="METHOD" missed="0" covered="1"/></method><method name="setSaldo2" desc="(I)V" line="26"><counter type="INSTRUCTION" missed="0" covered="4"/><counter type="LINE" missed="0" covered="2"/><counter type="COMPLEXITY" missed="0" covered="1"/><counter type="METHOD" missed="0" covered="1"/></method><method name="versamento" desc="(I)V" line="30"><counter type="INSTRUCTION" missed="0" covered="7"/><counter type="LINE" missed="0" covered="2"/><counter type="COMPLEXITY" missed="0" covered="1"/><counter type="METHOD" missed="0" covered="1"/></method><method name="prelievo" desc="(I)I" line="34"><counter type="INSTRUCTION" missed="0" covered="14"/><counter type="BRANCH" missed="0" covered="2"/><counter type="LINE" missed="0" covered="4"/><counter type="COMPLEXITY" missed="0" covered="2"/><counter type="METHOD" missed="0" covered="1"/></method><counter type="INSTRUCTION" missed="0" covered="48"/><counter type="BRANCH" missed="0" covered="2"/><counter type="LINE" missed="0" covered="18"/><counter type="COMPLEXITY" missed="0" covered="9"/><counter type="METHOD" missed="0" covered="8"/><counter type="CLASS" missed="0" covered="1"/></class><sourcefile name="ContoBancario.java"><line nr="4" mi="0" ci="2" mb="0" cb="0"/><line nr="5" mi="0" ci="3" mb="0" cb="0"/><line nr="6" mi="0" ci="3" mb="0" cb="0"/><line nr="7" mi="0" ci="1" mb="0" cb="0"/><line nr="10" mi="0" ci="3" mb="0" cb="0"/><line nr="14" mi="0" ci="3" mb="0" cb="0"/><line nr="18" mi="0" ci="3" mb="0" cb="0"/><line nr="19" mi="0" ci="1" mb="0" cb="0"/><line nr="22" mi="0" ci="3" mb="0" cb="0"/><line nr="23" mi="0" ci="1" mb="0" cb="0"/><line nr="26" mi="0" ci="3" mb="0" cb="0"/><line nr="27" mi="0" ci="1" mb="0" cb="0"/><line nr="30" mi="0" ci="6" mb="0" cb="0"/><line nr="31" mi="0" ci="1" mb="0" cb="0"/><line nr="34" mi="0" ci="4" mb="0" cb="2"/><line nr="35" mi="0" ci="2" mb="0" cb="0"/><line nr="37" mi="0" ci="6" mb="0" cb="0"/><line nr="38" mi="0" ci="2" mb="0" cb="0"/><counter type="INSTRUCTION" missed="0" covered="48"/><counter type="BRANCH" missed="0" covered="2"/><counter type="LINE" missed="0" covered="18"/><counter type="COMPLEXITY" missed="0" covered="9"/><counter type="METHOD" missed="0" covered="8"/><counter type="CLASS" missed="0" covered="1"/></sourcefile><counter type="INSTRUCTION" missed="0" covered="48"/><counter type="BRANCH" missed="0" covered="2"/><counter type="LINE" missed="0" covered="18"/><counter type="COMPLEXITY" missed="0" covered="9"/><counter type="METHOD" missed="0" covered="8"/><counter type="CLASS" missed="0" covered="1"/></package><package name="org/example/utente"><class name="org/example/utente/Utente" sourcefilename="Utente.java"><method name="&lt;init&gt;" desc="(Ljava/lang/String;Ljava/lang/String;Ljava/lang/String;Ljava/lang/String;Lorg/example/banca/ContoBancario;)V" line="10"><counter type="INSTRUCTION" missed="0" covered="18"/><counter type="LINE" missed="0" covered="7"/><counter type="COMPLEXITY" missed="0" covered="1"/><counter type="METHOD" missed="0" covered="1"/></method><method name="getName" desc="()Ljava/lang/String;" line="19"><counter type="INSTRUCTION" missed="0" covered="3"/><counter type="LINE" missed="0" covered="1"/><counter type="COMPLEXITY" missed="0" covered="1"/><counter type="METHOD" missed="0" covered="1"/></method><method name="getSurname" desc="()Ljava/lang/String;" line="23"><counter type="INSTRUCTION" missed="0" covered="3"/><counter type="LINE" missed="0" covered="1"/><counter type="COMPLEXITY" missed="0" covered="1"/><counter type="METHOD" missed="0" covered="1"/></method><method name="getTelephone" desc="()Ljava/lang/String;" line="27"><counter type="INSTRUCTION" missed="0" covered="3"/><counter type="LINE" missed="0" covered="1"/><counter type="COMPLEXITY" missed="0" covered="1"/><counter type="METHOD" missed="0" covered="1"/></method><method name="getAddress" desc="(I)Ljava/lang/String;" line="31"><counter type="INSTRUCTION" missed="0" covered="3"/><counter type="LINE" missed="0" covered="1"/><counter type="COMPLEXITY" missed="0" covered="1"/><counter type="METHOD" missed="0" covered="1"/></method><method name="getContoBancario" desc="()Lorg/example/banca/ContoBancario;" line="35"><counter type="INSTRUCTION" missed="0" covered="3"/><counter type="LINE" missed="0" covered="1"/><counter type="COMPLEXITY" missed="0" covered="1"/><counter type="METHOD" missed="0" covered="1"/></method><method name="setName" desc="(Ljava/lang/String;)V" line="39"><counter type="INSTRUCTION" missed="0" covered="4"/><counter type="LINE" missed="0" covered="2"/><counter type="COMPLEXITY" missed="0" covered="1"/><counter type="METHOD" missed="0" covered="1"/></method><method name="setSurname" desc="(Ljava/lang/String;)V" line="43"><counter type="INSTRUCTION" missed="0" covered="4"/><counter type="LINE" missed="0" covered="2"/><counter type="COMPLEXITY" missed="0" covered="1"/><counter type="METHOD" missed="0" covered="1"/></method><method name="setContoBancario" desc="(Lorg/example/banca/ContoBancario;)V" line="47"><counter type="INSTRUCTION" missed="0" covered="4"/><counter type="LINE" missed="0" covered="2"/><counter type="COMPLEXITY" missed="0" covered="1"/><counter type="METHOD" missed="0" covered="1"/></method><method name="prova" desc="(Ljava/util/ArrayList;Ljava/util/Set;)V" line="51"><counter type="INSTRUCTION" missed="11" covered="0"/><counter type="LINE" missed="3" covered="0"/><counter type="COMPLEXITY" missed="1" covered="0"/><counter type="METHOD" missed="1" covered="0"/></method><method name="setTelephone" desc="(Ljava/lang/String;)V" line="56"><counter type="INSTRUCTION" missed="4" covered="0"/><counter type="LINE" missed="2" covered="0"/><counter type="COMPLEXITY" missed="1" covered="0"/><counter type="METHOD" missed="1" covered="0"/></method><method name="setAddress" desc="(Ljava/lang/String;)V" line="60"><counter type="INSTRUCTION" missed="4" covered="0"/><counter type="LINE" missed="2" covered="0"/><counter type="COMPLEXITY" missed="1" covered="0"/><counter type="METHOD" missed="1" covered="0"/></method><counter type="INSTRUCTION" missed="19" covered="45"/><counter type="LINE" missed="7" covered="18"/><counter type="COMPLEXITY" missed="3" covered="9"/><counter type="METHOD" missed="3" covered="9"/><counter type="CLASS" missed="0" covered="1"/></class><sourcefile name="Utente.java"><line nr="10" mi="0" ci="2" mb="0" cb="0"/><line nr="11" mi="0" ci="3" mb="0" cb="0"/><line nr="12" mi="0" ci="3" mb="0" cb="0"/><line nr="13" mi="0" ci="3" mb="0" cb="0"/><line nr="14" mi="0" ci="3" mb="0" cb="0"/><line nr="15" mi="0" ci="3" mb="0" cb="0"/><line nr="16" mi="0" ci="1" mb="0" cb="0"/><line nr="19" mi="0" ci="3" mb="0" cb="0"/><line nr="23" mi="0" ci="3" mb="0" cb="0"/><line nr="27" mi="0" ci="3" mb="0" cb="0"/><line nr="31" mi="0" ci="3" mb="0" cb="0"/><line nr="35" mi="0" ci="3" mb="0" cb="0"/><line nr="39" mi="0" ci="3" mb="0" cb="0"/><line nr="40" mi="0" ci="1" mb="0" cb="0"/><line nr="43" mi="0" ci="3" mb="0" cb="0"/><line nr="44" mi="0" ci="1" mb="0" cb="0"/><line nr="47" mi="0" ci="3" mb="0" cb="0"/><line nr="48" mi="0" ci="1" mb="0" cb="0"/><line nr="51" mi="5" ci="0" mb="0" cb="0"/><line nr="52" mi="5" ci="0" mb="0" cb="0"/><line nr="53" mi="1" ci="0" mb="0" cb="0"/><line nr="56" mi="3" ci="0" mb="0" cb="0"/><line nr="57" mi="1" ci="0" mb="0" cb="0"/><line nr="60" mi="3" ci="0" mb="0" cb="0"/><line nr="61" mi="1" ci="0" mb="0" cb="0"/><counter type="INSTRUCTION" missed="19" covered="45"/><counter type="LINE" missed="7" covered="18"/><counter type="COMPLEXITY" missed="3" covered="9"/><counter type="METHOD" missed="3" covered="9"/><counter type="CLASS" missed="0" covered="1"/></sourcefile><counter type="INSTRUCTION" missed="19" covered="45"/><counter type="LINE" missed="7" covered="18"/><counter type="COMPLEXITY" missed="3" covered="9"/><counter type="METHOD" missed="3" covered="9"/><counter type="CLASS" missed="0" covered="1"/></package><package name="org/example/utente/personale"><class name="org/example/utente/personale/Tecnico" sourcefilename="Tecnico.java"><method name="&lt;init&gt;" desc="(Ljava/lang/String;Ljava/lang/String;Ljava/lang/String;I)V" line="5"><counter type="INSTRUCTION" missed="0" covered="15"/><counter type="LINE" missed="0" covered="6"/><counter type="COMPLEXITY" missed="0" covered="1"/><counter type="METHOD" missed="0" covered="1"/></method><method name="getName" desc="()Ljava/lang/String;" line="13"><counter type="INSTRUCTION" missed="0" covered="3"/><counter type="LINE" missed="0" covered="1"/><counter type="COMPLEXITY" missed="0" covered="1"/><counter type="METHOD" missed="0" covered="1"/></method><method name="getSurname" desc="()Ljava/lang/String;" line="17"><counter type="INSTRUCTION" missed="0" covered="3"/><counter type="LINE" missed="0" covered="1"/><counter type="COMPLEXITY" missed="0" covered="1"/><counter type="METHOD" missed="0" covered="1"/></method><method name="getProfession" desc="()Ljava/lang/String;" line="21"><counter type="INSTRUCTION" missed="0" covered="3"/><counter type="LINE" missed="0" covered="1"/><counter type="COMPLEXITY" missed="0" covered="1"/><counter type="METHOD" missed="0" covered="1"/></method><method name="getCode" desc="()I" line="25"><counter type="INSTRUCTION" missed="0" covered="3"/><counter type="LINE" missed="0" covered="1"/><counter type="COMPLEXITY" missed="0" covered="1"/><counter type="METHOD" missed="0" covered="1"/></method><method name="setName" desc="(Ljava/lang/String;)V" line="29"><counter type="INSTRUCTION" missed="0" covered="4"/><counter type="LINE" missed="0" covered="2"/><counter type="COMPLEXITY" missed="0" covered="1"/><counter type="METHOD" missed="0" covered="1"/></method><method name="setSurname" desc="(Ljava/lang/String;)V" line="33"><counter type="INSTRUCTION" missed="0" covered="4"/><counter type="LINE" missed="0" covered="2"/><counter type="COMPLEXITY" missed="0" covered="1"/><counter type="METHOD" missed="0" covered="1"/></method><method name="setProfession" desc="(Ljava/lang/String;)V" line="37"><counter type="INSTRUCTION" missed="0" covered="4"/><counter type="LINE" missed="0" covered="2"/><counter type="COMPLEXITY" missed="0" covered="1"/><counter type="METHOD" missed="0" covered="1"/></method><method name="setCode" desc="(I)V" line="41"><counter type="INSTRUCTION" missed="0" covered="4"/><counter type="LINE" missed="0" covered="2"/><counter type="COMPLEXITY" missed="0" covered="1"/><counter type="METHOD" missed="0" covered="1"/></method><counter type="INSTRUCTION" missed="0" covered="43"/><counter type="LINE" missed="0" covered="18"/><counter type="COMPLEXITY" missed="0" covered="9"/><counter type="METHOD" missed="0" covered="9"/><counter type="CLASS" missed="0" covered="1"/></class><class name="org/example/utente/personale/Amministratore" sourcefilename="Amministratore.java"><method name="&lt;init&gt;" desc="(Ljava/lang/String;Ljava/lang/String;Ljava/lang/String;)V" line="4"><counter type="INSTRUCTION" missed="0" covered="12"/><counter type="LINE" missed="0" covered="5"/><counter type="COMPLEXITY" missed="0" covered="1"/><counter type="METHOD" missed="0" covered="1"/></method><method name="getName" desc="()Ljava/lang/String;" line="11"><counter type="INSTRUCTION" missed="0" covered="3"/><counter type="LINE" missed="0" covered="1"/><counter type="COMPLEXITY" missed="0" covered="1"/><counter type="METHOD" missed="0" covered="1"/></method><method name="getSurname" desc="()Ljava/lang/String;" line="15"><counter type="INSTRUCTION" missed="0" covered="3"/><counter type="LINE" missed="0" covered="1"/><counter type="COMPLEXITY" missed="0" covered="1"/><counter type="METHOD" missed="0" covered="1"/></method><method name="getDepartment" desc="()Ljava/lang/String;" line="19"><counter type="INSTRUCTION" missed="0" covered="3"/><counter type="LINE" missed="0" covered="1"/><counter type="COMPLEXITY" missed="0" covered="1"/><counter type="METHOD" missed="0" covered="1"/></method><method name="setName" desc="(Ljava/lang/String;)V" line="23"><counter type="INSTRUCTION" missed="0" covered="4"/><counter type="LINE" missed="0" covered="2"/><counter type="COMPLEXITY" missed="0" covered="1"/><counter type="METHOD" missed="0" covered="1"/></method><method name="setSurname" desc="(Ljava/lang/String;)V" line="27"><counter type="INSTRUCTION" missed="0" covered="4"/><counter type="LINE" missed="0" covered="2"/><counter type="COMPLEXITY" missed="0" covered="1"/><counter type="METHOD" missed="0" covered="1"/></method><method name="setDepartment" desc="(Ljava/lang/String;)V" line="31"><counter type="INSTRUCTION" missed="0" covered="4"/><counter type="LINE" missed="0" covered="2"/><counter type="COMPLEXITY" missed="0" covered="1"/><counter type="METHOD" missed="0" covered="1"/></method><counter type="INSTRUCTION" missed="0" covered="33"/><counter type="LINE" missed="0" covered="14"/><counter type="COMPLEXITY" missed="0" covered="7"/><counter type="METHOD" missed="0" covered="7"/><counter type="CLASS" missed="0" covered="1"/></class><sourcefile name="Tecnico.java"><line nr="5" mi="0" ci="2" mb="0" cb="0"/><line nr="6" mi="0" ci="3" mb="0" cb="0"/><line nr="7" mi="0" ci="3" mb="0" cb="0"/><line nr="8" mi="0" ci="3" mb="0" cb="0"/><line nr="9" mi="0" ci="3" mb="0" cb="0"/><line nr="10" mi="0" ci="1" mb="0" cb="0"/><line nr="13" mi="0" ci="3" mb="0" cb="0"/><line nr="17" mi="0" ci="3" mb="0" cb="0"/><line nr="21" mi="0" ci="3" mb="0" cb="0"/><line nr="25" mi="0" ci="3" mb="0" cb="0"/><line nr="29" mi="0" ci="3" mb="0" cb="0"/><line nr="30" mi="0" ci="1" mb="0" cb="0"/><line nr="33" mi="0" ci="3" mb="0" cb="0"/><line nr="34" mi="0" ci="1" mb="0" cb="0"/><line nr="37" mi="0" ci="3" mb="0" cb="0"/><line nr="38" mi="0" ci="1" mb="0" cb="0"/><line nr="41" mi="0" ci="3" mb="0" cb="0"/><line nr="42" mi="0" ci="1" mb="0" cb="0"/><counter type="INSTRUCTION" missed="0" covered="43"/><counter type="LINE" missed="0" covered="18"/><counter type="COMPLEXITY" missed="0" covered="9"/><counter type="METHOD" missed="0" covered="9"/><counter type="CLASS" missed="0" covered="1"/></sourcefile><sourcefile name="Amministratore.java"><line nr="4" mi="0" ci="2" mb="0" cb="0"/><line nr="5" mi="0" ci="3" mb="0" cb="0"/><line nr="6" mi="0" ci="3" mb="0" cb="0"/><line nr="7" mi="0" ci="3" mb="0" cb="0"/><line nr="8" mi="0" ci="1" mb="0" cb="0"/><line nr="11" mi="0" ci="3" mb="0" cb="0"/><line nr="15" mi="0" ci="3" mb="0" cb="0"/><line nr="19" mi="0" ci="3" mb="0" cb="0"/><line nr="23" mi="0" ci="3" mb="0" cb="0"/><line nr="24" mi="0" ci="1" mb="0" cb="0"/><line nr="27" mi="0" ci="3" mb="0" cb="0"/><line nr="28" mi="0" ci="1" mb="0" cb="0"/><line nr="31" mi="0" ci="3" mb="0" cb="0"/><line nr="32" mi="0" ci="1" mb="0" cb="0"/><counter type="INSTRUCTION" missed="0" covered="33"/><counter type="LINE" missed="0" covered="14"/><counter type="COMPLEXITY" missed="0" covered="7"/><counter type="METHOD" missed="0" covered="7"/><counter type="CLASS" missed="0" covered="1"/></sourcefile><counter type="INSTRUCTION" missed="0" covered="76"/><counter type="LINE" missed="0" covered="32"/><counter type="COMPLEXITY" missed="0" covered="16"/><counter type="METHOD" missed="0" covered="16"/><counter type="CLASS" missed="0" covered="2"/></package><counter type="INSTRUCTION" missed="19" covered="169"/><counter type="BRANCH" missed="0" covered="2"/><counter type="LINE" missed="7" covered="68"/><counter type="COMPLEXITY" missed="3" covered="34"/><counter type="METHOD" missed="3" covered="33"/><counter type="CLASS" missed="0" covered="4"/></report>