<?xml version="1.0" encoding="UTF-8" standalone="yes"?><!DOCTYPE report PUBLIC "-//JACOCO//DTD Report 1.1//EN" "report.dtd"><report name="MavenProjectJ4"><sessioninfo id="benchstation-deaacd" start="1759918229274" dump="1759918229773"/><sessioninfo id="benchstation-deaacd" start="1759918229774" dump="1759918230870"/><sessioninfo id="benchstation-d47990b8" start="1759918231054" dump="1759918231537"/><sessioninfo id="benchstation-d47990b8" start="1759918231538" dump="1759918232704"/><sessioninfo id="benchstation-f2707e02" start="1759918232804" dump="1759918233240"/><sessioninfo id="benchstation-f2707e02" start="1759918233241" dump="1759918234390"/><sessioninfo id="benchstation-431ba001" start="1759918234503" dump="1759918234928"/><sessioninfo id="benchstation-431ba001" start="1759918234929" dump="1759918236059"/><sessioninfo id="benchstation-14e9c906" start="1759918236157" dump="1759918236585"/><sessioninfo id="benchstation-14e9c906" start="1759918236586" dump="1759918237774"/><sessioninfo id="benchstation-943bdb5c" start="1759918237876" dump="1759918238309"/><sessioninfo id="benchstation-943bdb5c" start="1759918238310" dump="1759918239399"/><sessioninfo id="benchstation-337e7d42" start="1759918239495" dump="1759918239928"/><sessioninfo id="benchstation-337e7d42" start="1759918239929" dump="1759918241049"/><sessioninfo id="benchstation-7d8965b0" start="1759918241140" dump="1759918241588"/><sessioninfo id="benchstation-7d8965b0" start="1759918241589" dump="1759918242710"/><sessioninfo id="benchstation-5d36a6c2" start="1759918242810" dump="1759918243260"/><sessioninfo id="benchstation-5d36a6c2" start="1759918243261" dump="1759918244408"/><sessioninfo id="benchstation-2996a10" start="1759918244525" dump="1759918244958"/><sessioninfo id="benchstation-2996a10" start="1759918244959" dump="1759918246134"/><sessioninfo id="benchstation-f5f62602" start="1759918246340" dump="1759918246822"/><sessioninfo id="benchstation-f5f62602" start="1759918246823" dump="1759918247947"/><sessioninfo id="benchstation-75417e2a" start="1759918248042" dump="1759918248469"/><sessioninfo id="benchstation-75417e2a" start="1759918248469" dump="1759918249588"/><sessioninfo id="benchstation-f93048d" start="1759918249720" dump="1759918250157"/><sessioninfo id="benchstation-f93048d" start="1759918250159" dump="1759918251381"/><sessioninfo id="benchstation-4bd06613" start="1759918251496" dump="1759918251936"/><sessioninfo id="benchstation-4bd06613" start="1759918251938" dump="1759918253037"/><sessioninfo id="benchstation-36162bc7" start="1759918253134" dump="1759918253599"/><sessioninfo id="benchstation-36162bc7" start="1759918253600" dump="1759918254749"/><sessioninfo id="benchstation-38ce7837" start="1759918254850" dump="1759918255290"/><sessioninfo id="benchstation-38ce7837" start="1759918255292" dump="1759918256446"/><sessioninfo id="benchstation-495b42ec" start="1759918256576" dump="1759918257007"/><sessioninfo id="benchstation-495b42ec" start="1759918257009" dump="1759918258146"/><sessioninfo id="benchstation-b0439206" start="1759918258245" dump="1759918258674"/><sessioninfo id="benchstation-b0439206" start="1759918258675" dump="1759918259959"/><sessioninfo id="benchstation-9c77ed3d" start="1759918260064" dump="1759918260498"/><sessioninfo id="benchstation-9c77ed3d" start="1759918260499" dump="1759918261745"/><sessioninfo id="benchstation-2392b571" start="1759918261858" dump="1759918262288"/><sessioninfo id="benchstation-2392b571" start="1759918262290" dump="1759918263569"/><sessioninfo id="benchstation-357222f5" start="1759918263683" dump="1759918264113"/><sessioninfo id="benchstation-357222f5" start="1759918264114" dump="1759918265327"/><sessioninfo id="benchstation-234f737c" start="1759918265432" dump="1759918265905"/><sessioninfo id="benchstation-234f737c" start="1759918265906" dump="1759918267217"/><sessioninfo id="benchstation-188a3cc5" start="1759918267316" dump="1759918267753"/><sessioninfo id="benchstation-188a3cc5" start="1759918267754" dump="1759918269057"/><sessioninfo id="benchstation-418e8c9c" start="1759918269179" dump="1759918269610"/><sessioninfo id="benchstation-418e8c9c" start="1759918269611" dump="1759918270837"/><sessioninfo id="benchstation-548021ca" start="1759918270942" dump="1759918271408"/><sessioninfo id="benchstation-548021ca" start="1759918271409" dump="1759918272679"/><sessioninfo id="benchstation-8261136c" start="1759918272848" dump="1759918273263"/><sessioninfo id="benchstation-8261136c" start="1759918273264" dump="1759918274526"/><sessioninfo id="benchstation-f469ff02" start="1759918274658" dump="1759918275086"/><sessioninfo id="benchstation-f469ff02" start="1759918275087" dump="1759918276352"/><sessioninfo id="benchstation-bd402764" start="1759918276512" dump="1759918276962"/><sessioninfo id="benchstation-bd402764" start="1759918276964" dump="1759918278302"/><sessioninfo id="benchstation-15de30b9" start="1759918278435" dump="1759918278882"/><sessioninfo id="benchstation-15de30b9" start="1759918278883" dump="1759918280203"/><sessioninfo id="benchstation-50cccc89" start="1759918280343" dump="1759918280772"/><sessioninfo id="benchstation-50cccc89" start="1759918280773" dump="1759918282022"/><sessioninfo id="benchstation-5e381a8e" start="1759918282190" dump="1759918282635"/><sessioninfo id="benchstation-5e381a8e" start="1759918282636" dump="1759918283950"/><sessioninfo id="benchstation-1afc68b9" start="1759918284064" dump="1759918284490"/><sessioninfo id="benchstation-1afc68b9" start="1759918284491" dump="1759918285889"/><sessioninfo id="benchstation-9e28180f" start="1759918286020" dump="1759918286448"/><sessioninfo id="benchstation-9e28180f" start="1759918286449" dump="1759918287848"/><sessioninfo id="benchstation-c1b665d7" start="1759918287971" dump="1759918288422"/><sessioninfo id="benchstation-c1b665d7" start="1759918288423" dump="1759918289691"/><sessioninfo id="benchstation-8f5db543" start="1759918289794" dump="1759918290201"/><sessioninfo id="benchstation-8f5db543" start="1759918290202" dump="1759918291525"/><sessioninfo id="benchstation-1e57c4a" start="1759918291687" dump="1759918292120"/><sessioninfo id="benchstation-1e57c4a" start="1759918292121" dump="1759918293368"/><sessioninfo id="benchstation-73bfd315" start="1759918293471" dump="1759918293907"/><sessioninfo id="benchstation-73bfd315" start="1759918293909" dump="1759918295348"/><sessioninfo id="benchstation-ec3aca2a" start="1759918295499" dump="1759918295967"/><sessioninfo id="benchstation-ec3aca2a" start="1759918295968" dump="1759918297263"/><sessioninfo id="benchstation-6af5da16" start="1759918297363" dump="1759918297790"/><sessioninfo id="benchstation-6af5da16" start="1759918297791" dump="1759918299175"/><sessioninfo id="benchstation-244c85b5" start="1759918299277" dump="1759918299710"/><sessioninfo id="benchstation-244c85b5" start="1759918299711" dump="1759918300985"/><sessioninfo id="benchstation-618373a1" start="1759918301176" dump="1759918301597"/><sessioninfo id="benchstation-618373a1" start="1759918301598" dump="1759918302914"/><sessioninfo id="benchstation-4f912313" start="1759918303019" dump="1759918303485"/><sessioninfo id="benchstation-4f912313" start="1759918303487" dump="1759918304798"/><sessioninfo id="benchstation-58bb353d" start="1759918304953" dump="1759918305398"/><sessioninfo id="benchstation-58bb353d" start="1759918305399" dump="1759918306703"/><sessioninfo id="benchstation-a31d8ec3" start="1759918306814" dump="1759918307283"/><sessioninfo id="benchstation-a31d8ec3" start="1759918307283" dump="1759918308782"/><sessioninfo id="benchstation-89d60c9d" start="1759918308931" dump="1759918309949"/><sessioninfo id="benchstation-89d60c9d" start="1759918309954" dump="1759918311858"/><sessioninfo id="benchstation-ecec16d6" start="1759918311959" dump="1759918312968"/><sessioninfo id="benchstation-ecec16d6" start="1759918312972" dump="1759918314896"/><sessioninfo id="benchstation-9af041fb" start="1759918314994" dump="1759918316019"/><sessioninfo id="benchstation-9af041fb" start="1759918316025" dump="1759918317841"/><sessioninfo id="benchstation-ee3e4214" start="1759918317928" dump="1759918318928"/><sessioninfo id="benchstation-ee3e4214" start="1759918318934" dump="1759918320876"/><sessioninfo id="benchstation-f1c0f617" start="1759918320962" dump="1759918321964"/><sessioninfo id="benchstation-f1c0f617" start="1759918321970" dump="1759918323913"/><sessioninfo id="benchstation-e3827947" start="1759918323992" dump="1759918324999"/><sessioninfo id="benchstation-e3827947" start="1759918325006" dump="1759918326817"/><sessioninfo id="benchstation-42a771f9" start="1759918326903" dump="1759918327875"/><sessioninfo id="benchstation-42a771f9" start="1759918327881" dump="1759918329779"/><sessioninfo id="benchstation-ac7b0717" start="1759918329865" dump="1759918330867"/><sessioninfo id="benchstation-ac7b0717" start="1759918330872" dump="1759918332699"/><sessioninfo id="benchstation-30dbd445" start="1759918228691" dump="1759918332758"/><package name="org/example/banca"><class name="org/example/banca/ContoBancario" sourcefilename="ContoBancario.java"><method name="&lt;init&gt;" desc="(Ljava/lang/String;I)V" line="4"><counter type="INSTRUCTION" missed="0" covered="9"/><counter type="LINE" missed="0" covered="4"/><counter type="COMPLEXITY" missed="0" covered="1"/><counter type="METHOD" missed="0" covered="1"/></method><method name="getId" desc="()Ljava/lang/String;" line="10"><counter type="INSTRUCTION" missed="0" covered="3"/><counter type="LINE" missed="0" covered="1"/><counter type="COMPLEXITY" missed="0" covered="1"/><counter type="METHOD" missed="0" covered="1"/></method><method name="getSaldo" desc="()I" line="14"><counter type="INSTRUCTION" missed="0" covered="3"/><counter type="LINE" missed="0" covered="1"/><counter type="COMPLEXITY" missed="0" covered="1"/><counter type="METHOD" missed="0" covered="1"/></method><method name="setId" desc="(Ljava/lang/String;)V" line="18"><counter type="INSTRUCTION" missed="0" covered="4"/><counter type="LINE" missed="0" covered="2"/><counter type="COMPLEXITY" missed="0" covered="1"/><counter type="METHOD" missed="0" covered="1"/></method><method name="setSaldo" desc="(I)V" line="22"><counter type="INSTRUCTION" missed="0" covered="4"/><counter type="LINE" missed="0" covered="2"/><counter type="COMPLEXITY" missed="0" covered="1"/><counter type="METHOD" missed="0" covered="1"/></method><method name="setSaldo2" desc="(I)V" line="26"><counter type="INSTRUCTION" missed="0" covered="4"/><counter type="LINE" missed="0" covered="2"/><counter type="COMPLEXITY" missed="0" covered="1"/><counter type="METHOD" missed="0" covered="1"/></method><method name="versamento" desc="(I)V" line="30"><counter type="INSTRUCTION" missed="0" covered="7"/><counter type="LINE" missed="0" covered="2"/><counter type="COMPLEXITY" missed="0" covered="1"/><counter type="METHOD" missed="0" covered="1"/></method><method name="prelievo" desc="(I)I" line="34"><counter type="INSTRUCTION" missed="0" covered="14"/><counter type="BRANCH" missed="0" covered="2"/><counter type="LINE" missed="0" covered="4"/><counter type="COMPLEXITY" missed="0" covered="2"/><counter type="METHOD" missed="0" covered="1"/></method><counter type="INSTRUCTION" missed="0" covered="48"/><counter type="BRANCH" missed="0" covered="2"/><counter type="LINE" missed="0" covered="18"/><counter type="COMPLEXITY" missed="0" covered="9"/><counter type="METHOD" missed="0" covered="8"/><counter type="CLASS" missed="0" covered="1"/></class><sourcefile name="ContoBancario.java"><line nr="4" mi="0" ci="2" mb="0" cb="0"/><line nr="5" mi="0" ci="3" mb="0" cb="0"/><line nr="6" mi="0" ci="3" mb="0" cb="0"/><line nr="7" mi="0" ci="1" mb="0" cb="0"/><line nr="10" mi="0" ci="3" mb="0" cb="0"/><line nr="14" mi="0" ci="3" mb="0" cb="0"/><line nr="18" mi="0" ci="3" mb="0" cb="0"/><line nr="19" mi="0" ci="1" mb="0" cb="0"/><line nr="22" mi="0" ci="3" mb="0" cb="0"/><line nr="23" mi="0" ci="1" mb="0" cb="0"/><line nr="26" mi="0" ci="3" mb="0" cb="0"/><line nr="27" mi="0" ci="1" mb="0" cb="0"/><line nr="30" mi="0" ci="6" mb="0" cb="0"/><line nr="31" mi="0" ci="1" mb="0" cb="0"/><line nr="34" mi="0" ci="4" mb="0" cb="2"/><line nr="35" mi="0" ci="2" mb="0" cb="0"/><line nr="37" mi="0" ci="6" mb="0" cb="0"/><line nr="38" mi="0" ci="2" mb="0" cb="0"/><counter type="INSTRUCTION" missed="0" covered="48"/><counter type="BRANCH" missed="0" covered="2"/><counter type="LINE" missed="0" covered="18"/><counter type="COMPLEXITY" missed="0" covered="9"/><counter type="METHOD" missed="0" covered="8"/><counter type="CLASS" missed="0" covered="1"/></sourcefile><counter type="INSTRUCTION" missed="0" covered="48"/><counter type="BRANCH" missed="0" covered="2"/><counter type="LINE" missed="0" covered="18"/><counter type="COMPLEXITY" missed="0" covered="9"/><counter type="METHOD" missed="0" covered="8"/><counter type="CLASS" missed="0" covered="1"/></package><package name="org/example/utente"><class name="org/example/utente/Utente" sourcefilename="Utente.java"><method name="&lt;init&gt;" desc="(Ljava/lang/String;Ljava/lang/String;Ljava/lang/String;Ljava/lang/String;Lorg/example/banca/ContoBancario;)V" line="10"><counter type="INSTRUCTION" missed="0" covered="18"/><counter type="LINE" missed="0" covered="7"/><counter type="COMPLEXITY" missed="0" covered="1"/><counter type="METHOD" missed="0" covered="1"/></method><method name="getName" desc="()Ljava/lang/String;" line="19"><counter type="INSTRUCTION" missed="0" covered="3"/><counter type="LINE" missed="0" covered="1"/><counter type="COMPLEXITY" missed="0" covered="1"/><counter type="METHOD" missed="0" covered="1"/></method><method name="getSurname" desc="()Ljava/lang/String;" line="23"><counter type="INSTRUCTION" missed="0" covered="3"/><counter type="LINE" missed="0" covered="1"/><counter type="COMPLEXITY" missed="0" covered="1"/><counter type="METHOD" missed="0" covered="1"/></method><method name="getTelephone" desc="()Ljava/lang/String;" line="27"><counter type="INSTRUCTION" missed="0" covered="3"/><counter type="LINE" missed="0" covered="1"/><counter type="COMPLEXITY" missed="0" covered="1"/><counter type="METHOD" missed="0" covered="1"/></method><method name="getAddress" desc="(I)Ljava/lang/String;" line="31"><counter type="INSTRUCTION" missed="0" covered="3"/><counter type="LINE" missed="0" covered="1"/><counter type="COMPLEXITY" missed="0" covered="1"/><counter type="METHOD" missed="0" covered="1"/></method><method name="getContoBancario" desc="()Lorg/example/banca/ContoBancario;" line="35"><counter type="INSTRUCTION" missed="0" covered="3"/><counter type="LINE" missed="0" covered="1"/><counter type="COMPLEXITY" missed="0" covered="1"/><counter type="METHOD" missed="0" covered="1"/></method><method name="setName" desc="(Ljava/lang/String;)V" line="39"><counter type="INSTRUCTION" missed="0" covered="4"/><counter type="LINE" missed="0" covered="2"/><counter type="COMPLEXITY" missed="0" covered="1"/><counter type="METHOD" missed="0" covered="1"/></method><method name="setSurname" desc="(Ljava/lang/String;)V" line="43"><counter type="INSTRUCTION" missed="0" covered="4"/><counter type="LINE" missed="0" covered="2"/><counter type="COMPLEXITY" missed="0" covered="1"/><counter type="METHOD" missed="0" covered="1"/></method><method name="setContoBancario" desc="(Lorg/example/banca/ContoBancario;)V" line="47"><counter type="INSTRUCTION" missed="0" covered="4"/><counter type="LINE" missed="0" covered="2"/><counter type="COMPLEXITY" missed="0" covered="1"/><counter type="METHOD" missed="0" covered="1"/></method><method name="prova" desc="(Ljava/util/ArrayList;Ljava/util/Set;)V" line="51"><counter type="INSTRUCTION" missed="11" covered="0"/><counter type="LINE" missed="3" covered="0"/><counter type="COMPLEXITY" missed="1" covered="0"/><counter type="METHOD" missed="1" covered="0"/></method><method name="setTelephone" desc="(Ljava/lang/String;)V" line="56"><counter type="INSTRUCTION" missed="4" covered="0"/><counter type="LINE" missed="2" covered="0"/><counter type="COMPLEXITY" missed="1" covered="0"/><counter type="METHOD" missed="1" covered="0"/></method><method name="setAddress" desc="(Ljava/lang/String;)V" line="60"><counter type="INSTRUCTION" missed="4" covered="0"/><counter type="LINE" missed="2" covered="0"/><counter type="COMPLEXITY" missed="1" covered="0"/><counter type="METHOD" missed="1" covered="0"/></method><counter type="INSTRUCTION" missed="19" covered="45"/><counter type="LINE" missed="7" covered="18"/><counter type="COMPLEXITY" missed="3" covered="9"/><counter type="METHOD" missed="3" covered="9"/><counter type="CLASS" missed="0" covered="1"/></class><sourcefile name="Utente.java"><line nr="10" mi="0" ci="2" mb="0" cb="0"/><line nr="11" mi="0" ci="3" mb="0" cb="0"/><line nr="12" mi="0" ci="3" mb="0" cb="0"/><line nr="13" mi="0" ci="3" mb="0" cb="0"/><line nr="14" mi="0" ci="3" mb="0" cb="0"/><line nr="15" mi="0" ci="3" mb="0" cb="0"/><line nr="16" mi="0" ci="1" mb="0" cb="0"/><line nr="19" mi="0" ci="3" mb="0" cb="0"/><line nr="23" mi="0" ci="3" mb="0" cb="0"/><line nr="27" mi="0" ci="3" mb="0" cb="0"/><line nr="31" mi="0" ci="3" mb="0" cb="0"/><line nr="35" mi="0" ci="3" mb="0" cb="0"/><line nr="39" mi="0" ci="3" mb="0" cb="0"/><line nr="40" mi="0" ci="1" mb="0" cb="0"/><line nr="43" mi="0" ci="3" mb="0" cb="0"/><line nr="44" mi="0" ci="1" mb="0" cb="0"/><line nr="47" mi="0" ci="3" mb="0" cb="0"/><line nr="48" mi="0" ci="1" mb="0" cb="0"/><line nr="51" mi="5" ci="0" mb="0" cb="0"/><line nr="52" mi="5" ci="0" mb="0" cb="0"/><line nr="53" mi="1" ci="0" mb="0" cb="0"/><line nr="56" mi="3" ci="0" mb="0" cb="0"/><line nr="57" mi="1" ci="0" mb="0" cb="0"/><line nr="60" mi="3" ci="0" mb="0" cb="0"/><line nr="61" mi="1" ci="0" mb="0" cb="0"/><counter type="INSTRUCTION" missed="19" covered="45"/><counter type="LINE" missed="7" covered="18"/><counter type="COMPLEXITY" missed="3" covered="9"/><counter type="METHOD" missed="3" covered="9"/><counter type="CLASS" missed="0" covered="1"/></sourcefile><counter type="INSTRUCTION" missed="19" covered="45"/><counter type="LINE" missed="7" covered="18"/><counter type="COMPLEXITY" missed="3" covered="9"/><counter type="METHOD" missed="3" covered="9"/><counter type="CLASS" missed="0" covered="1"/></package><package name="org/example/utente/personale"><class name="org/example/utente/personale/Amministratore" sourcefilename="Amministratore.java"><method name="&lt;init&gt;" desc="(Ljava/lang/String;Ljava/lang/String;Ljava/lang/String;)V" line="4"><counter type="INSTRUCTION" missed="0" covered="12"/><counter type="LINE" missed="0" covered="5"/><counter type="COMPLEXITY" missed="0" covered="1"/><counter type="METHOD" missed="0" covered="1"/></method><method name="getName" desc="()Ljava/lang/String;" line="11"><counter type="INSTRUCTION" missed="0" covered="3"/><counter type="LINE" missed="0" covered="1"/><counter type="COMPLEXITY" missed="0" covered="1"/><counter type="METHOD" missed="0" covered="1"/></method><method name="getSurname" desc="()Ljava/lang/String;" line="15"><counter type="INSTRUCTION" missed="0" covered="3"/><counter type="LINE" missed="0" covered="1"/><counter type="COMPLEXITY" missed="0" covered="1"/><counter type="METHOD" missed="0" covered="1"/></method><method name="getDepartment" desc="()Ljava/lang/String;" line="19"><counter type="INSTRUCTION" missed="0" covered="3"/><counter type="LINE" missed="0" covered="1"/><counter type="COMPLEXITY" missed="0" covered="1"/><counter type="METHOD" missed="0" covered="1"/></method><method name="setName" desc="(Ljava/lang/String;)V" line="23"><counter type="INSTRUCTION" missed="0" covered="4"/><counter type="LINE" missed="0" covered="2"/><counter type="COMPLEXITY" missed="0" covered="1"/><counter type="METHOD" missed="0" covered="1"/></method><method name="setSurname" desc="(Ljava/lang/String;)V" line="27"><counter type="INSTRUCTION" missed="0" covered="4"/><counter type="LINE" missed="0" covered="2"/><counter type="COMPLEXITY" missed="0" covered="1"/><counter type="METHOD" missed="0" covered="1"/></method><method name="setDepartment" desc="(Ljava/lang/String;)V" line="31"><counter type="INSTRUCTION" missed="0" covered="4"/><counter type="LINE" missed="0" covered="2"/><counter type="COMPLEXITY" missed="0" covered="1"/><counter type="METHOD" missed="0" covered="1"/></method><counter type="INSTRUCTION" missed="0" covered="33"/><counter type="LINE" missed="0" covered="14"/><counter type="COMPLEXITY" missed="0" covered="7"/><counter type="METHOD" missed="0" covered="7"/><counter type="CLASS" missed="0" covered="1"/></class><class name="org/example/utente/personale/Tecnico" sourcefilename="Tecnico.java"><method name="&lt;init&gt;" desc="(Ljava/lang/String;Ljava/lang/String;Ljava/lang/String;I)V" line="5"><counter type="INSTRUCTION" missed="0" covered="15"/><counter type="LINE" missed="0" covered="6"/><counter type="COMPLEXITY" missed="0" covered="1"/><counter type="METHOD" missed="0" covered="1"/></method><method name="getName" desc="()Ljava/lang/String;" line="13"><counter type="INSTRUCTION" missed="0" covered="3"/><counter type="LINE" missed="0" covered="1"/><counter type="COMPLEXITY" missed="0" covered="1"/><counter type="METHOD" missed="0" covered="1"/></method><method name="getSurname" desc="()Ljava/lang/String;" line="17"><counter type="INSTRUCTION" missed="0" covered="3"/><counter type="LINE" missed="0" covered="1"/><counter type="COMPLEXITY" missed="0" covered="1"/><counter type="METHOD" missed="0" covered="1"/></method><method name="getProfession" desc="()Ljava/lang/String;" line="21"><counter type="INSTRUCTION" missed="0" covered="3"/><counter type="LINE" missed="0" covered="1"/><counter type="COMPLEXITY" missed="0" covered="1"/><counter type="METHOD" missed="0" covered="1"/></method><method name="getCode" desc="()I" line="25"><counter type="INSTRUCTION" missed="0" covered="3"/><counter type="LINE" missed="0" covered="1"/><counter type="COMPLEXITY" missed="0" covered="1"/><counter type="METHOD" missed="0" covered="1"/></method><method name="setName" desc="(Ljava/lang/String;)V" line="29"><counter type="INSTRUCTION" missed="0" covered="4"/><counter type="LINE" missed="0" covered="2"/><counter type="COMPLEXITY" missed="0" covered="1"/><counter type="METHOD" missed="0" covered="1"/></method><method name="setSurname" desc="(Ljava/lang/String;)V" line="33"><counter type="INSTRUCTION" missed="0" covered="4"/><counter type="LINE" missed="0" covered="2"/><counter type="COMPLEXITY" missed="0" covered="1"/><counter type="METHOD" missed="0" covered="1"/></method><method name="setProfession" desc="(Ljava/lang/String;)V" line="37"><counter type="INSTRUCTION" missed="0" covered="4"/><counter type="LINE" missed="0" covered="2"/><counter type="COMPLEXITY" missed="0" covered="1"/><counter type="METHOD" missed="0" covered="1"/></method><method name="setCode" desc="(I)V" line="41"><counter type="INSTRUCTION" missed="0" covered="4"/><counter type="LINE" missed="0" covered="2"/><counter type="COMPLEXITY" missed="0" covered="1"/><counter type="METHOD" missed="0" covered="1"/></method><counter type="INSTRUCTION" missed="0" covered="43"/><counter type="LINE" missed="0" covered="18"/><counter type="COMPLEXITY" missed="0" covered="9"/><counter type="METHOD" missed="0" covered="9"/><counter type="CLASS" missed="0" covered="1"/></class><sourcefile name="Tecnico.java"><line nr="5" mi="0" ci="2" mb="0" cb="0"/><line nr="6" mi="0" ci="3" mb="0" cb="0"/><line nr="7" mi="0" ci="3" mb="0" cb="0"/><line nr="8" mi="0" ci="3" mb="0" cb="0"/><line nr="9" mi="0" ci="3" mb="0" cb="0"/><line nr="10" mi="0" ci="1" mb="0" cb="0"/><line nr="13" mi="0" ci="3" mb="0" cb="0"/><line nr="17" mi="0" ci="3" mb="0" cb="0"/><line nr="21" mi="0" ci="3" mb="0" cb="0"/><line nr="25" mi="0" ci="3" mb="0" cb="0"/><line nr="29" mi="0" ci="3" mb="0" cb="0"/><line nr="30" mi="0" ci="1" mb="0" cb="0"/><line nr="33" mi="0" ci="3" mb="0" cb="0"/><line nr="34" mi="0" ci="1" mb="0" cb="0"/><line nr="37" mi="0" ci="3" mb="0" cb="0"/><line nr="38" mi="0" ci="1" mb="0" cb="0"/><line nr="41" mi="0" ci="3" mb="0" cb="0"/><line nr="42" mi="0" ci="1" mb="0" cb="0"/><counter type="INSTRUCTION" missed="0" covered="43"/><counter type="LINE" missed="0" covered="18"/><counter type="COMPLEXITY" missed="0" covered="9"/><counter type="METHOD" missed="0" covered="9"/><counter type="CLASS" missed="0" covered="1"/></sourcefile><sourcefile name="Amministratore.java"><line nr="4" mi="0" ci="2" mb="0" cb="0"/><line nr="5" mi="0" ci="3" mb="0" cb="0"/><line nr="6" mi="0" ci="3" mb="0" cb="0"/><line nr="7" mi="0" ci="3" mb="0" cb="0"/><line nr="8" mi="0" ci="1" mb="0" cb="0"/><line nr="11" mi="0" ci="3" mb="0" cb="0"/><line nr="15" mi="0" ci="3" mb="0" cb="0"/><line nr="19" mi="0" ci="3" mb="0" cb="0"/><line nr="23" mi="0" ci="3" mb="0" cb="0"/><line nr="24" mi="0" ci="1" mb="0" cb="0"/><line nr="27" mi="0" ci="3" mb="0" cb="0"/><line nr="28" mi="0" ci="1" mb="0" cb="0"/><line nr="31" mi="0" ci="3" mb="0" cb="0"/><line nr="32" mi="0" ci="1" mb="0" cb="0"/><counter type="INSTRUCTION" missed="0" covered="33"/><counter type="LINE" missed="0" covered="14"/><counter type="COMPLEXITY" missed="0" covered="7"/><counter type="METHOD" missed="0" covered="7"/><counter type="CLASS" missed="0" covered="1"/></sourcefile><counter type="INSTRUCTION" missed="0" covered="76"/><counter type="LINE" missed="0" covered="32"/><counter type="COMPLEXITY" missed="0" covered="16"/><counter type="METHOD" missed="0" covered="16"/><counter type="CLASS" missed="0" covered="2"/></package><counter type="INSTRUCTION" missed="19" covered="169"/><counter type="BRANCH" missed="0" covered="2"/><counter type="LINE" missed="7" covered="68"/><counter type="COMPLEXITY" missed="3" covered="34"/><counter type="METHOD" missed="3" covered="33"/><counter type="CLASS" missed="0" covered="4"/></report>